#
# There is insufficient memory for the Java Runtime Environment to continue.
# Native memory allocation (malloc) failed to allocate 851216 bytes. Error detail: Chunk::new
# Possible reasons:
#   The system is out of physical RAM or swap space
#   This process is running with CompressedOops enabled, and the Java Heap may be blocking the growth of the native heap
# Possible solutions:
#   Reduce memory load on the system
#   Increase physical memory or swap space
#   Check if swap backing store is full
#   Decrease Java heap size (-Xmx/-Xms)
#   Decrease number of Java threads
#   Decrease Java thread stack sizes (-Xss)
#   Set larger code cache with -XX:ReservedCodeCacheSize=
#   JVM is running with Unscaled Compressed Oops mode in which the Java heap is
#     placed in the first 4GB address space. The Java Heap base address is the
#     maximum limit for the native heap growth. Please use -XX:HeapBaseMinAddress
#     to set the Java Heap base and to place the Java Heap above 4GB virtual address.
# This output file may be truncated or incomplete.
#
#  Out of Memory Error (arena.cpp:191), pid=61072, tid=62180
#
# JRE version: OpenJDK Runtime Environment Temurin-17.0.12+7 (17.0.12+7) (build 17.0.12+7)
# Java VM: OpenJDK 64-Bit Server VM Temurin-17.0.12+7 (17.0.12+7, mixed mode, tiered, compressed oops, compressed class ptrs, parallel gc, windows-amd64)
# No core dump will be written. Minidumps are not enabled by default on client versions of Windows
#

---------------  S U M M A R Y ------------

Command Line: --add-modules=ALL-SYSTEM --add-opens=java.base/java.util=ALL-UNNAMED --add-opens=java.base/java.lang=ALL-UNNAMED --add-opens=java.base/sun.nio.fs=ALL-UNNAMED -Declipse.application=org.eclipse.jdt.ls.core.id1 -Dosgi.bundles.defaultStartLevel=4 -Declipse.product=org.eclipse.jdt.ls.core.product -Djava.import.generatesMetadataFilesAtProjectRoot=false -DDetectVMInstallationsJob.disabled=true -Dfile.encoding=utf8 -XX:+UseParallelGC -XX:GCTimeRatio=4 -XX:AdaptiveSizePolicyWeight=90 -Dsun.zip.disableMemoryMapping=true -Xmx1G -Xms100m -Xlog:disable -javaagent:c:\Users\usuario\.vscode\extensions\redhat.java-1.35.1-win32-x64\lombok\lombok-1.18.33.jar -XX:+HeapDumpOnOutOfMemoryError -XX:HeapDumpPath=c:\Users\usuario\AppData\Roaming\Code\User\workspaceStorage\3730175087155ea2f55a9ce18b6b30f5\redhat.java -Daether.dependencyCollector.impl=bf c:\Users\usuario\.vscode\extensions\redhat.java-1.35.1-win32-x64\server\plugins\org.eclipse.equinox.launcher_1.6.900.v20240613-2009.jar -configuration c:\Users\usuario\AppData\Roaming\Code\User\globalStorage\redhat.java\1.35.1\config_win -data c:\Users\usuario\AppData\Roaming\Code\User\workspaceStorage\3730175087155ea2f55a9ce18b6b30f5\redhat.java\jdt_ws --pipe=\\.\pipe\lsp-51b32e0a2dfc0680298a6d43aee23a6d-sock

Host: AMD Ryzen 5 3400G with Radeon Vega Graphics    , 8 cores, 15G,  Windows 10 , 64 bit Build 19041 (10.0.19041.4957)
Time: Sun Oct 20 20:15:06 2024 SA Pacific Standard Time elapsed time: 38.161478 seconds (0d 0h 0m 38s)

---------------  T H R E A D  ---------------

Current thread (0x00000261c6672f50):  JavaThread "C2 CompilerThread1" daemon [_thread_in_native, id=62180, stack(0x0000008773b00000,0x0000008773c00000)]


Current CompileTask:
C2:  38161 6960       4       java.io.ObjectInputStream::readClassDesc (121 bytes)

Stack: [0x0000008773b00000,0x0000008773c00000]
Native frames: (J=compiled Java code, j=interpreted, Vv=VM code, C=native code)
V  [jvm.dll+0x67f929]
V  [jvm.dll+0x8371ba]
V  [jvm.dll+0x838c7e]
V  [jvm.dll+0x8392e3]
V  [jvm.dll+0x24834f]
V  [jvm.dll+0xac9d4]
V  [jvm.dll+0xad01c]
V  [jvm.dll+0x2af96f]
V  [jvm.dll+0x5868d7]
V  [jvm.dll+0x2231c2]
V  [jvm.dll+0x2235bf]
V  [jvm.dll+0x21c6e0]
V  [jvm.dll+0x219be1]
V  [jvm.dll+0x1a58bd]
V  [jvm.dll+0x229a2d]
V  [jvm.dll+0x227bdc]
V  [jvm.dll+0x7ec1f7]
V  [jvm.dll+0x7e65dc]
V  [jvm.dll+0x67e7f7]
C  [ucrtbase.dll+0x21bb2]
C  [KERNEL32.DLL+0x17374]
C  [ntdll.dll+0x4cc91]


---------------  P R O C E S S  ---------------

Threads class SMR info:
_java_thread_list=0x00000261c9a2b730, length=51, elements={
0x00000261aad6c6c0, 0x00000261aae2e5c0, 0x00000261c3f14010, 0x00000261bec080e0,
0x00000261bec08f60, 0x00000261bec09de0, 0x00000261bec0bb10, 0x00000261bec0e910,
0x00000261c3f891a0, 0x00000261c3f937b0, 0x00000261c3ffb180, 0x00000261c4279ce0,
0x00000261c55d1440, 0x00000261c5aade00, 0x00000261c5aae2e0, 0x00000261c5fd6130,
0x00000261c5ade810, 0x00000261c59285e0, 0x00000261c5926780, 0x00000261c5925d60,
0x00000261c5926c90, 0x00000261c59276b0, 0x00000261c5929000, 0x00000261c5927bc0,
0x00000261c5928af0, 0x00000261c59280d0, 0x00000261c5925850, 0x00000261c5926270,
0x00000261c5fe7660, 0x00000261c5fe48d0, 0x00000261c5fe2f80, 0x00000261c5fe8590,
0x00000261c5fe7b70, 0x00000261c5fe8080, 0x00000261c5fe43c0, 0x00000261c5fe8aa0,
0x00000261c5fe2050, 0x00000261c5fe5800, 0x00000261c5fe2a70, 0x00000261c5fe39a0,
0x00000261c5fe4de0, 0x00000261c5fe52f0, 0x00000261c5fe3490, 0x00000261c5fe94c0,
0x00000261c5fe6730, 0x00000261c5fe6220, 0x00000261c5fe5d10, 0x00000261c5fe6c40,
0x00000261c58c2d50, 0x00000261c58c04d0, 0x00000261c6672f50
}

Java Threads: ( => current thread )
  0x00000261aad6c6c0 JavaThread "main" [_thread_blocked, id=60312, stack(0x000000876fc00000,0x000000876fd00000)]
  0x00000261aae2e5c0 JavaThread "Reference Handler" daemon [_thread_blocked, id=57852, stack(0x000000876ff00000,0x0000008770000000)]
  0x00000261c3f14010 JavaThread "Finalizer" daemon [_thread_blocked, id=59060, stack(0x0000008770000000,0x0000008770100000)]
  0x00000261bec080e0 JavaThread "Signal Dispatcher" daemon [_thread_blocked, id=57548, stack(0x0000008770100000,0x0000008770200000)]
  0x00000261bec08f60 JavaThread "Attach Listener" daemon [_thread_blocked, id=49904, stack(0x0000008770200000,0x0000008770300000)]
  0x00000261bec09de0 JavaThread "Service Thread" daemon [_thread_blocked, id=17684, stack(0x0000008770300000,0x0000008770400000)]
  0x00000261bec0bb10 JavaThread "Monitor Deflation Thread" daemon [_thread_blocked, id=60360, stack(0x0000008770400000,0x0000008770500000)]
  0x00000261bec0e910 JavaThread "C2 CompilerThread0" daemon [_thread_in_native, id=41508, stack(0x0000008770500000,0x0000008770600000)]
  0x00000261c3f891a0 JavaThread "C1 CompilerThread0" daemon [_thread_blocked, id=60108, stack(0x0000008770600000,0x0000008770700000)]
  0x00000261c3f937b0 JavaThread "Sweeper thread" daemon [_thread_blocked, id=10228, stack(0x0000008770700000,0x0000008770800000)]
  0x00000261c3ffb180 JavaThread "Common-Cleaner" daemon [_thread_blocked, id=54776, stack(0x0000008770800000,0x0000008770900000)]
  0x00000261c4279ce0 JavaThread "Notification Thread" daemon [_thread_blocked, id=60764, stack(0x0000008770900000,0x0000008770a00000)]
  0x00000261c55d1440 JavaThread "Active Thread: Equinox Container: 57caebac-6fc0-4ac8-93d4-f365a7ad65dd" [_thread_blocked, id=61052, stack(0x0000008771200000,0x0000008771300000)]
  0x00000261c5aade00 JavaThread "Framework Event Dispatcher: Equinox Container: 57caebac-6fc0-4ac8-93d4-f365a7ad65dd" daemon [_thread_blocked, id=61364, stack(0x0000008771300000,0x0000008771400000)]
  0x00000261c5aae2e0 JavaThread "Start Level: Equinox Container: 57caebac-6fc0-4ac8-93d4-f365a7ad65dd" daemon [_thread_blocked, id=57580, stack(0x0000008771400000,0x0000008771500000)]
  0x00000261c5fd6130 JavaThread "Bundle File Closer" daemon [_thread_blocked, id=39256, stack(0x0000008771100000,0x0000008771200000)]
  0x00000261c5ade810 JavaThread "SCR Component Actor" daemon [_thread_blocked, id=60052, stack(0x0000008771600000,0x0000008771700000)]
  0x00000261c59285e0 JavaThread "Worker-JM" [_thread_blocked, id=32452, stack(0x0000008771800000,0x0000008771900000)]
  0x00000261c5926780 JavaThread "JNA Cleaner" daemon [_thread_blocked, id=54720, stack(0x0000008771900000,0x0000008771a00000)]
  0x00000261c5925d60 JavaThread "Worker-0" [_thread_blocked, id=32588, stack(0x0000008771a00000,0x0000008771b00000)]
  0x00000261c5926c90 JavaThread "Worker-1" [_thread_blocked, id=61260, stack(0x0000008771b00000,0x0000008771c00000)]
  0x00000261c59276b0 JavaThread "Worker-2: Synchronize Gradle projects with workspace" [_thread_blocked, id=60308, stack(0x0000008771d00000,0x0000008771e00000)]
  0x00000261c5929000 JavaThread "Worker-3: Initialize Workspace" [_thread_blocked, id=57368, stack(0x0000008771e00000,0x0000008771f00000)]
  0x00000261c5927bc0 JavaThread "Java indexing" daemon [_thread_blocked, id=54472, stack(0x0000008772000000,0x0000008772100000)]
  0x00000261c5928af0 JavaThread "Thread-2" daemon [_thread_in_native, id=59012, stack(0x0000008772100000,0x0000008772200000)]
  0x00000261c59280d0 JavaThread "Thread-3" daemon [_thread_in_native, id=52732, stack(0x0000008772200000,0x0000008772300000)]
  0x00000261c5925850 JavaThread "Thread-4" daemon [_thread_in_native, id=7380, stack(0x0000008772300000,0x0000008772400000)]
  0x00000261c5926270 JavaThread "Thread-5" daemon [_thread_in_native, id=24936, stack(0x0000008772400000,0x0000008772500000)]
  0x00000261c5fe7660 JavaThread "Thread-6" daemon [_thread_in_native, id=57516, stack(0x0000008772500000,0x0000008772600000)]
  0x00000261c5fe48d0 JavaThread "Thread-7" daemon [_thread_in_native, id=57804, stack(0x0000008772600000,0x0000008772700000)]
  0x00000261c5fe2f80 JavaThread "Thread-8" daemon [_thread_in_native, id=20364, stack(0x0000008772700000,0x0000008772800000)]
  0x00000261c5fe8590 JavaThread "Thread-9" daemon [_thread_in_native, id=56196, stack(0x0000008772800000,0x0000008772900000)]
  0x00000261c5fe7b70 JavaThread "Thread-10" daemon [_thread_in_native, id=51960, stack(0x0000008772900000,0x0000008772a00000)]
  0x00000261c5fe8080 JavaThread "pool-2-thread-1" [_thread_blocked, id=60800, stack(0x0000008772a00000,0x0000008772b00000)]
  0x00000261c5fe43c0 JavaThread "WorkspaceEventsHandler" [_thread_blocked, id=1032, stack(0x0000008772b00000,0x0000008772c00000)]
  0x00000261c5fe8aa0 JavaThread "pool-1-thread-1" [_thread_blocked, id=59564, stack(0x0000008772c00000,0x0000008772d00000)]
  0x00000261c5fe2050 JavaThread "Timer-0" [_thread_blocked, id=43260, stack(0x0000008771700000,0x0000008771800000)]
  0x00000261c5fe5800 JavaThread "Timer-1" [_thread_blocked, id=13816, stack(0x0000008772d00000,0x0000008772e00000)]
  0x00000261c5fe2a70 JavaThread "Timer-2" [_thread_blocked, id=54020, stack(0x0000008771f00000,0x0000008772000000)]
  0x00000261c5fe39a0 JavaThread "Exec process" [_thread_blocked, id=58236, stack(0x0000008771c00000,0x0000008771d00000)]
  0x00000261c5fe4de0 JavaThread "Exec process Thread 2" [_thread_blocked, id=42596, stack(0x0000008773000000,0x0000008773100000)]
  0x00000261c5fe52f0 JavaThread "Exec process Thread 3" [_thread_blocked, id=58388, stack(0x0000008773100000,0x0000008773200000)]
  0x00000261c5fe3490 JavaThread "Timer-3" [_thread_blocked, id=60620, stack(0x0000008772f00000,0x0000008773000000)]
  0x00000261c5fe94c0 JavaThread "Timer-4" [_thread_blocked, id=60460, stack(0x0000008772e00000,0x0000008772f00000)]
  0x00000261c5fe6730 JavaThread "Timer-5" [_thread_blocked, id=42188, stack(0x0000008773200000,0x0000008773300000)]
  0x00000261c5fe6220 JavaThread "Timer-6" [_thread_blocked, id=60924, stack(0x0000008773300000,0x0000008773400000)]
  0x00000261c5fe5d10 JavaThread "Timer-7" [_thread_blocked, id=1572, stack(0x0000008773400000,0x0000008773500000)]
  0x00000261c5fe6c40 JavaThread "Connection worker" [_thread_in_native, id=2660, stack(0x0000008773500000,0x0000008773600000)]
  0x00000261c58c2d50 JavaThread "pool-3-thread-1" [_thread_blocked, id=62240, stack(0x0000008773600000,0x0000008773700000)]
  0x00000261c58c04d0 JavaThread "Forward input" [_thread_blocked, id=62288, stack(0x0000008773800000,0x0000008773900000)]
=>0x00000261c6672f50 JavaThread "C2 CompilerThread1" daemon [_thread_in_native, id=62180, stack(0x0000008773b00000,0x0000008773c00000)]

Other Threads:
  0x00000261bebffb00 VMThread "VM Thread" [stack: 0x000000876fe00000,0x000000876ff00000] [id=59016]
  0x00000261c4264b10 WatcherThread [stack: 0x0000008770a00000,0x0000008770b00000] [id=58260]
  0x00000261aad81130 GCTaskThread "GC Thread#0" [stack: 0x000000876fd00000,0x000000876fe00000] [id=58248]
  0x00000261c528e760 GCTaskThread "GC Thread#1" [stack: 0x0000008770b00000,0x0000008770c00000] [id=26100]
  0x00000261c526b560 GCTaskThread "GC Thread#2" [stack: 0x0000008770c00000,0x0000008770d00000] [id=53036]
  0x00000261c5413040 GCTaskThread "GC Thread#3" [stack: 0x0000008770d00000,0x0000008770e00000] [id=60248]
  0x00000261c50f9790 GCTaskThread "GC Thread#4" [stack: 0x0000008770e00000,0x0000008770f00000] [id=60564]
  0x00000261c50fa260 GCTaskThread "GC Thread#5" [stack: 0x0000008770f00000,0x0000008771000000] [id=60568]
  0x00000261c50fa520 GCTaskThread "GC Thread#6" [stack: 0x0000008771000000,0x0000008771100000] [id=60572]
  0x00000261c5b37610 GCTaskThread "GC Thread#7" [stack: 0x0000008771500000,0x0000008771600000] [id=51284]

Threads with active compile tasks:
C2 CompilerThread0    38265 6943   !   4       java.io.ObjectInputStream::readObject0 (681 bytes)
C2 CompilerThread1    38265 6960       4       java.io.ObjectInputStream::readClassDesc (121 bytes)

VM state: not at safepoint (normal execution)

VM Mutex/Monitor currently owned by a thread: None

Heap address: 0x00000000c0000000, size: 1024 MB, Compressed Oops mode: 32-bit

CDS archive(s) not mapped
Compressed class space mapped at: 0x0000000100000000-0x0000000140000000, reserved size: 1073741824
Narrow klass base: 0x0000000000000000, Narrow klass shift: 3, Narrow klass range: 0x140000000

GC Precious Log:
 CPUs: 8 total, 8 available
 Memory: 16305M
 Large Page Support: Disabled
 NUMA Support: Disabled
 Compressed Oops: Enabled (32-bit)
 Alignments: Space 512K, Generation 512K, Heap 2M
 Heap Min Capacity: 100M
 Heap Initial Capacity: 100M
 Heap Max Capacity: 1G
 Pre-touch: Disabled
 Parallel Workers: 8

Heap:
 PSYoungGen      total 23552K, used 20468K [0x00000000eab00000, 0x00000000ec580000, 0x0000000100000000)
  eden space 22016K, 90% used [0x00000000eab00000,0x00000000ebe5d260,0x00000000ec080000)
  from space 1536K, 41% used [0x00000000ec280000,0x00000000ec320000,0x00000000ec400000)
  to   space 1024K, 0% used [0x00000000ec480000,0x00000000ec480000,0x00000000ec580000)
 ParOldGen       total 68608K, used 37479K [0x00000000c0000000, 0x00000000c4300000, 0x00000000eab00000)
  object space 68608K, 54% used [0x00000000c0000000,0x00000000c2499fd0,0x00000000c4300000)
 Metaspace       used 67715K, committed 68736K, reserved 1114112K
  class space    used 8335K, committed 8768K, reserved 1048576K

Card table byte_map: [0x00000261aa720000,0x00000261aa930000] _byte_map_base: 0x00000261aa120000

Marking Bits: (ParMarkBitMap*) 0x00007ff8109e58b0
 Begin Bits: [0x00000261bca10000, 0x00000261bda10000)
 End Bits:   [0x00000261bda10000, 0x00000261bea10000)

Polling page: 0x00000261a8ef0000

Metaspace:

Usage:
  Non-class:     57.99 MB used.
      Class:      8.14 MB used.
       Both:     66.13 MB used.

Virtual space:
  Non-class space:       64.00 MB reserved,      58.56 MB ( 92%) committed,  1 nodes.
      Class space:        1.00 GB reserved,       8.56 MB ( <1%) committed,  1 nodes.
             Both:        1.06 GB reserved,      67.12 MB (  6%) committed. 

Chunk freelists:
   Non-Class:  5.32 MB
       Class:  7.38 MB
        Both:  12.70 MB

MaxMetaspaceSize: unlimited
CompressedClassSpaceSize: 1.00 GB
Initial GC threshold: 21.00 MB
Current GC threshold: 97.31 MB
CDS: off
MetaspaceReclaimPolicy: balanced
 - commit_granule_bytes: 65536.
 - commit_granule_words: 8192.
 - virtual_space_node_default_size: 8388608.
 - enlarge_chunks_in_place: 1.
 - new_chunks_are_fully_committed: 0.
 - uncommit_free_chunks: 1.
 - use_allocation_guard: 0.
 - handle_deallocations: 1.


Internal statistics:

num_allocs_failed_limit: 11.
num_arena_births: 718.
num_arena_deaths: 30.
num_vsnodes_births: 2.
num_vsnodes_deaths: 0.
num_space_committed: 1074.
num_space_uncommitted: 0.
num_chunks_returned_to_freelist: 47.
num_chunks_taken_from_freelist: 3364.
num_chunk_merges: 17.
num_chunk_splits: 2138.
num_chunks_enlarged: 1320.
num_inconsistent_stats: 0.

CodeHeap 'non-profiled nmethods': size=120000Kb used=4223Kb max_used=4223Kb free=115776Kb
 bounds [0x00000261b54e0000, 0x00000261b5900000, 0x00000261bca10000]
CodeHeap 'profiled nmethods': size=120000Kb used=12342Kb max_used=12342Kb free=107657Kb
 bounds [0x00000261ada10000, 0x00000261ae630000, 0x00000261b4f40000]
CodeHeap 'non-nmethods': size=5760Kb used=1323Kb max_used=1379Kb free=4436Kb
 bounds [0x00000261b4f40000, 0x00000261b51b0000, 0x00000261b54e0000]
 total_blobs=6805 nmethods=6146 adapters=572
 compilation: enabled
              stopped_count=0, restarted_count=0
 full_count=0

Compilation events (20 events):
Event: 37.993 Thread 0x00000261c3f891a0 nmethod 6961 0x00000261b58f6e10 code [0x00000261b58f6fa0, 0x00000261b58f7078]
Event: 37.994 Thread 0x00000261c6672f50 6960       4       java.io.ObjectInputStream::readClassDesc (121 bytes)
Event: 37.994 Thread 0x00000261c3f891a0 6962       1       org.gradle.internal.dispatch.MethodInvocation::getArguments (5 bytes)
Event: 37.994 Thread 0x00000261c3f891a0 nmethod 6962 0x00000261b58f7110 code [0x00000261b58f72a0, 0x00000261b58f7378]
Event: 38.021 Thread 0x00000261c3f891a0 6963       3       java.io.ObjectInputStream::readNull (27 bytes)
Event: 38.021 Thread 0x00000261c3f891a0 nmethod 6963 0x00000261ae61b010 code [0x00000261ae61b1e0, 0x00000261ae61b588]
Event: 38.028 Thread 0x00000261c3f891a0 6964       3       java.util.concurrent.ThreadPoolExecutor::isShutdown (12 bytes)
Event: 38.029 Thread 0x00000261c3f891a0 nmethod 6964 0x00000261ae61b710 code [0x00000261ae61b8c0, 0x00000261ae61bab8]
Event: 38.032 Thread 0x00000261c3f891a0 6965       3       java.io.ObjectStreamClass::checkInitialized (19 bytes)
Event: 38.032 Thread 0x00000261c3f891a0 nmethod 6965 0x00000261ae61bb90 code [0x00000261ae61bd40, 0x00000261ae61bf08]
Event: 38.032 Thread 0x00000261c3f891a0 6966       3       org.gradle.tooling.events.internal.DefaultStartEvent::<init> (9 bytes)
Event: 38.033 Thread 0x00000261c3f891a0 nmethod 6966 0x00000261ae61c010 code [0x00000261ae61c1c0, 0x00000261ae61c3b8]
Event: 38.033 Thread 0x00000261c3f891a0 6967       3       org.gradle.tooling.internal.consumer.parameters.BuildProgressListenerAdapter::toDescriptor (21 bytes)
Event: 38.033 Thread 0x00000261c3f891a0 nmethod 6967 0x00000261ae61c490 code [0x00000261ae61c680, 0x00000261ae61cb78]
Event: 38.037 Thread 0x00000261c3f891a0 6968  s    3       org.gradle.tooling.internal.consumer.parameters.BuildProgressListenerAdapter::removeDescriptor (52 bytes)
Event: 38.038 Thread 0x00000261c3f891a0 nmethod 6968 0x00000261ae61cd10 code [0x00000261ae61cfc0, 0x00000261ae61dde8]
Event: 38.074 Thread 0x00000261bec0e910 nmethod 6951 0x00000261b58f7410 code [0x00000261b58f7880, 0x00000261b58fbdd0]
Event: 38.075 Thread 0x00000261bec0e910 6956       4       java.io.ObjectInputStream$BlockDataInputStream::readShort (73 bytes)
Event: 38.077 Thread 0x00000261bec0e910 nmethod 6956 0x00000261b58ffa10 code [0x00000261b58ffba0, 0x00000261b58ffd08]
Event: 38.077 Thread 0x00000261bec0e910 6943   !   4       java.io.ObjectInputStream::readObject0 (681 bytes)

GC Heap History (20 events):
Event: 25.016 GC heap before
{Heap before GC invocations=31 (full 3):
 PSYoungGen      total 22528K, used 22423K [0x00000000eab00000, 0x00000000ec780000, 0x0000000100000000)
  eden space 22016K, 100% used [0x00000000eab00000,0x00000000ec080000,0x00000000ec080000)
  from space 512K, 79% used [0x00000000ec600000,0x00000000ec665c20,0x00000000ec680000)
  to   space 1024K, 0% used [0x00000000ec680000,0x00000000ec680000,0x00000000ec780000)
 ParOldGen       total 68608K, used 35518K [0x00000000c0000000, 0x00000000c4300000, 0x00000000eab00000)
  object space 68608K, 51% used [0x00000000c0000000,0x00000000c22afba8,0x00000000c4300000)
 Metaspace       used 64365K, committed 65344K, reserved 1114112K
  class space    used 7859K, committed 8320K, reserved 1048576K
}
Event: 25.017 GC heap after
{Heap after GC invocations=31 (full 3):
 PSYoungGen      total 23040K, used 575K [0x00000000eab00000, 0x00000000ec780000, 0x0000000100000000)
  eden space 22016K, 0% used [0x00000000eab00000,0x00000000eab00000,0x00000000ec080000)
  from space 1024K, 56% used [0x00000000ec680000,0x00000000ec70fd78,0x00000000ec780000)
  to   space 1024K, 0% used [0x00000000ec580000,0x00000000ec580000,0x00000000ec680000)
 ParOldGen       total 68608K, used 35694K [0x00000000c0000000, 0x00000000c4300000, 0x00000000eab00000)
  object space 68608K, 52% used [0x00000000c0000000,0x00000000c22db8b8,0x00000000c4300000)
 Metaspace       used 64365K, committed 65344K, reserved 1114112K
  class space    used 7859K, committed 8320K, reserved 1048576K
}
Event: 25.554 GC heap before
{Heap before GC invocations=32 (full 3):
 PSYoungGen      total 23040K, used 22591K [0x00000000eab00000, 0x00000000ec780000, 0x0000000100000000)
  eden space 22016K, 100% used [0x00000000eab00000,0x00000000ec080000,0x00000000ec080000)
  from space 1024K, 56% used [0x00000000ec680000,0x00000000ec70fd78,0x00000000ec780000)
  to   space 1024K, 0% used [0x00000000ec580000,0x00000000ec580000,0x00000000ec680000)
 ParOldGen       total 68608K, used 35694K [0x00000000c0000000, 0x00000000c4300000, 0x00000000eab00000)
  object space 68608K, 52% used [0x00000000c0000000,0x00000000c22db8b8,0x00000000c4300000)
 Metaspace       used 65523K, committed 66624K, reserved 1114112K
  class space    used 8065K, committed 8512K, reserved 1048576K
}
Event: 25.556 GC heap after
{Heap after GC invocations=32 (full 3):
 PSYoungGen      total 22528K, used 485K [0x00000000eab00000, 0x00000000ec700000, 0x0000000100000000)
  eden space 22016K, 0% used [0x00000000eab00000,0x00000000eab00000,0x00000000ec080000)
  from space 512K, 94% used [0x00000000ec580000,0x00000000ec5f94d0,0x00000000ec600000)
  to   space 1024K, 0% used [0x00000000ec600000,0x00000000ec600000,0x00000000ec700000)
 ParOldGen       total 68608K, used 35854K [0x00000000c0000000, 0x00000000c4300000, 0x00000000eab00000)
  object space 68608K, 52% used [0x00000000c0000000,0x00000000c23038b8,0x00000000c4300000)
 Metaspace       used 65523K, committed 66624K, reserved 1114112K
  class space    used 8065K, committed 8512K, reserved 1048576K
}
Event: 26.315 GC heap before
{Heap before GC invocations=33 (full 3):
 PSYoungGen      total 22528K, used 22501K [0x00000000eab00000, 0x00000000ec700000, 0x0000000100000000)
  eden space 22016K, 100% used [0x00000000eab00000,0x00000000ec080000,0x00000000ec080000)
  from space 512K, 94% used [0x00000000ec580000,0x00000000ec5f94d0,0x00000000ec600000)
  to   space 1024K, 0% used [0x00000000ec600000,0x00000000ec600000,0x00000000ec700000)
 ParOldGen       total 68608K, used 35854K [0x00000000c0000000, 0x00000000c4300000, 0x00000000eab00000)
  object space 68608K, 52% used [0x00000000c0000000,0x00000000c23038b8,0x00000000c4300000)
 Metaspace       used 65524K, committed 66624K, reserved 1114112K
  class space    used 8065K, committed 8512K, reserved 1048576K
}
Event: 26.316 GC heap after
{Heap after GC invocations=33 (full 3):
 PSYoungGen      total 22528K, used 288K [0x00000000eab00000, 0x00000000ec680000, 0x0000000100000000)
  eden space 22016K, 0% used [0x00000000eab00000,0x00000000eab00000,0x00000000ec080000)
  from space 512K, 56% used [0x00000000ec600000,0x00000000ec648000,0x00000000ec680000)
  to   space 512K, 0% used [0x00000000ec580000,0x00000000ec580000,0x00000000ec600000)
 ParOldGen       total 68608K, used 36139K [0x00000000c0000000, 0x00000000c4300000, 0x00000000eab00000)
  object space 68608K, 52% used [0x00000000c0000000,0x00000000c234aca0,0x00000000c4300000)
 Metaspace       used 65524K, committed 66624K, reserved 1114112K
  class space    used 8065K, committed 8512K, reserved 1048576K
}
Event: 27.016 GC heap before
{Heap before GC invocations=34 (full 3):
 PSYoungGen      total 22528K, used 22304K [0x00000000eab00000, 0x00000000ec680000, 0x0000000100000000)
  eden space 22016K, 100% used [0x00000000eab00000,0x00000000ec080000,0x00000000ec080000)
  from space 512K, 56% used [0x00000000ec600000,0x00000000ec648000,0x00000000ec680000)
  to   space 512K, 0% used [0x00000000ec580000,0x00000000ec580000,0x00000000ec600000)
 ParOldGen       total 68608K, used 36139K [0x00000000c0000000, 0x00000000c4300000, 0x00000000eab00000)
  object space 68608K, 52% used [0x00000000c0000000,0x00000000c234aca0,0x00000000c4300000)
 Metaspace       used 65524K, committed 66624K, reserved 1114112K
  class space    used 8065K, committed 8512K, reserved 1048576K
}
Event: 27.017 GC heap after
{Heap after GC invocations=34 (full 3):
 PSYoungGen      total 22528K, used 501K [0x00000000eab00000, 0x00000000ec680000, 0x0000000100000000)
  eden space 22016K, 0% used [0x00000000eab00000,0x00000000eab00000,0x00000000ec080000)
  from space 512K, 98% used [0x00000000ec580000,0x00000000ec5fd780,0x00000000ec600000)
  to   space 512K, 0% used [0x00000000ec600000,0x00000000ec600000,0x00000000ec680000)
 ParOldGen       total 68608K, used 36264K [0x00000000c0000000, 0x00000000c4300000, 0x00000000eab00000)
  object space 68608K, 52% used [0x00000000c0000000,0x00000000c236a228,0x00000000c4300000)
 Metaspace       used 65524K, committed 66624K, reserved 1114112K
  class space    used 8065K, committed 8512K, reserved 1048576K
}
Event: 27.551 GC heap before
{Heap before GC invocations=35 (full 3):
 PSYoungGen      total 22528K, used 22517K [0x00000000eab00000, 0x00000000ec680000, 0x0000000100000000)
  eden space 22016K, 100% used [0x00000000eab00000,0x00000000ec080000,0x00000000ec080000)
  from space 512K, 98% used [0x00000000ec580000,0x00000000ec5fd780,0x00000000ec600000)
  to   space 512K, 0% used [0x00000000ec600000,0x00000000ec600000,0x00000000ec680000)
 ParOldGen       total 68608K, used 36264K [0x00000000c0000000, 0x00000000c4300000, 0x00000000eab00000)
  object space 68608K, 52% used [0x00000000c0000000,0x00000000c236a228,0x00000000c4300000)
 Metaspace       used 65524K, committed 66624K, reserved 1114112K
  class space    used 8065K, committed 8512K, reserved 1048576K
}
Event: 27.552 GC heap after
{Heap after GC invocations=35 (full 3):
 PSYoungGen      total 22528K, used 492K [0x00000000eab00000, 0x00000000ec680000, 0x0000000100000000)
  eden space 22016K, 0% used [0x00000000eab00000,0x00000000eab00000,0x00000000ec080000)
  from space 512K, 96% used [0x00000000ec600000,0x00000000ec67b170,0x00000000ec680000)
  to   space 1536K, 0% used [0x00000000ec380000,0x00000000ec380000,0x00000000ec500000)
 ParOldGen       total 68608K, used 36893K [0x00000000c0000000, 0x00000000c4300000, 0x00000000eab00000)
  object space 68608K, 53% used [0x00000000c0000000,0x00000000c2407410,0x00000000c4300000)
 Metaspace       used 65524K, committed 66624K, reserved 1114112K
  class space    used 8065K, committed 8512K, reserved 1048576K
}
Event: 27.963 GC heap before
{Heap before GC invocations=36 (full 3):
 PSYoungGen      total 22528K, used 22508K [0x00000000eab00000, 0x00000000ec680000, 0x0000000100000000)
  eden space 22016K, 100% used [0x00000000eab00000,0x00000000ec080000,0x00000000ec080000)
  from space 512K, 96% used [0x00000000ec600000,0x00000000ec67b170,0x00000000ec680000)
  to   space 1536K, 0% used [0x00000000ec380000,0x00000000ec380000,0x00000000ec500000)
 ParOldGen       total 68608K, used 36893K [0x00000000c0000000, 0x00000000c4300000, 0x00000000eab00000)
  object space 68608K, 53% used [0x00000000c0000000,0x00000000c2407410,0x00000000c4300000)
 Metaspace       used 65524K, committed 66624K, reserved 1114112K
  class space    used 8065K, committed 8512K, reserved 1048576K
}
Event: 27.964 GC heap after
{Heap after GC invocations=36 (full 3):
 PSYoungGen      total 23552K, used 1191K [0x00000000eab00000, 0x00000000ec680000, 0x0000000100000000)
  eden space 22016K, 0% used [0x00000000eab00000,0x00000000eab00000,0x00000000ec080000)
  from space 1536K, 77% used [0x00000000ec380000,0x00000000ec4a9d68,0x00000000ec500000)
  to   space 1536K, 0% used [0x00000000ec500000,0x00000000ec500000,0x00000000ec680000)
 ParOldGen       total 68608K, used 36925K [0x00000000c0000000, 0x00000000c4300000, 0x00000000eab00000)
  object space 68608K, 53% used [0x00000000c0000000,0x00000000c240f410,0x00000000c4300000)
 Metaspace       used 65524K, committed 66624K, reserved 1114112K
  class space    used 8065K, committed 8512K, reserved 1048576K
}
Event: 28.572 GC heap before
{Heap before GC invocations=37 (full 3):
 PSYoungGen      total 23552K, used 23207K [0x00000000eab00000, 0x00000000ec680000, 0x0000000100000000)
  eden space 22016K, 100% used [0x00000000eab00000,0x00000000ec080000,0x00000000ec080000)
  from space 1536K, 77% used [0x00000000ec380000,0x00000000ec4a9d68,0x00000000ec500000)
  to   space 1536K, 0% used [0x00000000ec500000,0x00000000ec500000,0x00000000ec680000)
 ParOldGen       total 68608K, used 36925K [0x00000000c0000000, 0x00000000c4300000, 0x00000000eab00000)
  object space 68608K, 53% used [0x00000000c0000000,0x00000000c240f410,0x00000000c4300000)
 Metaspace       used 65525K, committed 66624K, reserved 1114112K
  class space    used 8065K, committed 8512K, reserved 1048576K
}
Event: 28.572 GC heap after
{Heap after GC invocations=37 (full 3):
 PSYoungGen      total 23552K, used 1258K [0x00000000eab00000, 0x00000000ec680000, 0x0000000100000000)
  eden space 22016K, 0% used [0x00000000eab00000,0x00000000eab00000,0x00000000ec080000)
  from space 1536K, 81% used [0x00000000ec500000,0x00000000ec63aa80,0x00000000ec680000)
  to   space 1536K, 0% used [0x00000000ec380000,0x00000000ec380000,0x00000000ec500000)
 ParOldGen       total 68608K, used 36981K [0x00000000c0000000, 0x00000000c4300000, 0x00000000eab00000)
  object space 68608K, 53% used [0x00000000c0000000,0x00000000c241d410,0x00000000c4300000)
 Metaspace       used 65525K, committed 66624K, reserved 1114112K
  class space    used 8065K, committed 8512K, reserved 1048576K
}
Event: 29.246 GC heap before
{Heap before GC invocations=38 (full 3):
 PSYoungGen      total 23552K, used 23274K [0x00000000eab00000, 0x00000000ec680000, 0x0000000100000000)
  eden space 22016K, 100% used [0x00000000eab00000,0x00000000ec080000,0x00000000ec080000)
  from space 1536K, 81% used [0x00000000ec500000,0x00000000ec63aa80,0x00000000ec680000)
  to   space 1536K, 0% used [0x00000000ec380000,0x00000000ec380000,0x00000000ec500000)
 ParOldGen       total 68608K, used 36981K [0x00000000c0000000, 0x00000000c4300000, 0x00000000eab00000)
  object space 68608K, 53% used [0x00000000c0000000,0x00000000c241d410,0x00000000c4300000)
 Metaspace       used 65525K, committed 66624K, reserved 1114112K
  class space    used 8065K, committed 8512K, reserved 1048576K
}
Event: 29.248 GC heap after
{Heap after GC invocations=38 (full 3):
 PSYoungGen      total 23552K, used 1257K [0x00000000eab00000, 0x00000000ec580000, 0x0000000100000000)
  eden space 22016K, 0% used [0x00000000eab00000,0x00000000eab00000,0x00000000ec080000)
  from space 1536K, 81% used [0x00000000ec380000,0x00000000ec4ba520,0x00000000ec500000)
  to   space 512K, 0% used [0x00000000ec500000,0x00000000ec500000,0x00000000ec580000)
 ParOldGen       total 68608K, used 37013K [0x00000000c0000000, 0x00000000c4300000, 0x00000000eab00000)
  object space 68608K, 53% used [0x00000000c0000000,0x00000000c2425410,0x00000000c4300000)
 Metaspace       used 65525K, committed 66624K, reserved 1114112K
  class space    used 8065K, committed 8512K, reserved 1048576K
}
Event: 29.878 GC heap before
{Heap before GC invocations=39 (full 3):
 PSYoungGen      total 23552K, used 23273K [0x00000000eab00000, 0x00000000ec580000, 0x0000000100000000)
  eden space 22016K, 100% used [0x00000000eab00000,0x00000000ec080000,0x00000000ec080000)
  from space 1536K, 81% used [0x00000000ec380000,0x00000000ec4ba520,0x00000000ec500000)
  to   space 512K, 0% used [0x00000000ec500000,0x00000000ec500000,0x00000000ec580000)
 ParOldGen       total 68608K, used 37013K [0x00000000c0000000, 0x00000000c4300000, 0x00000000eab00000)
  object space 68608K, 53% used [0x00000000c0000000,0x00000000c2425410,0x00000000c4300000)
 Metaspace       used 65525K, committed 66624K, reserved 1114112K
  class space    used 8065K, committed 8512K, reserved 1048576K
}
Event: 29.879 GC heap after
{Heap after GC invocations=39 (full 3):
 PSYoungGen      total 22528K, used 492K [0x00000000eab00000, 0x00000000ec580000, 0x0000000100000000)
  eden space 22016K, 0% used [0x00000000eab00000,0x00000000eab00000,0x00000000ec080000)
  from space 512K, 96% used [0x00000000ec500000,0x00000000ec57b170,0x00000000ec580000)
  to   space 1536K, 0% used [0x00000000ec280000,0x00000000ec280000,0x00000000ec400000)
 ParOldGen       total 68608K, used 37463K [0x00000000c0000000, 0x00000000c4300000, 0x00000000eab00000)
  object space 68608K, 54% used [0x00000000c0000000,0x00000000c2495fd0,0x00000000c4300000)
 Metaspace       used 65525K, committed 66624K, reserved 1114112K
  class space    used 8065K, committed 8512K, reserved 1048576K
}
Event: 30.589 GC heap before
{Heap before GC invocations=40 (full 3):
 PSYoungGen      total 22528K, used 22508K [0x00000000eab00000, 0x00000000ec580000, 0x0000000100000000)
  eden space 22016K, 100% used [0x00000000eab00000,0x00000000ec080000,0x00000000ec080000)
  from space 512K, 96% used [0x00000000ec500000,0x00000000ec57b170,0x00000000ec580000)
  to   space 1536K, 0% used [0x00000000ec280000,0x00000000ec280000,0x00000000ec400000)
 ParOldGen       total 68608K, used 37463K [0x00000000c0000000, 0x00000000c4300000, 0x00000000eab00000)
  object space 68608K, 54% used [0x00000000c0000000,0x00000000c2495fd0,0x00000000c4300000)
 Metaspace       used 66789K, committed 67840K, reserved 1114112K
  class space    used 8255K, committed 8704K, reserved 1048576K
}
Event: 30.591 GC heap after
{Heap after GC invocations=40 (full 3):
 PSYoungGen      total 23552K, used 640K [0x00000000eab00000, 0x00000000ec580000, 0x0000000100000000)
  eden space 22016K, 0% used [0x00000000eab00000,0x00000000eab00000,0x00000000ec080000)
  from space 1536K, 41% used [0x00000000ec280000,0x00000000ec320000,0x00000000ec400000)
  to   space 1024K, 0% used [0x00000000ec480000,0x00000000ec480000,0x00000000ec580000)
 ParOldGen       total 68608K, used 37479K [0x00000000c0000000, 0x00000000c4300000, 0x00000000eab00000)
  object space 68608K, 54% used [0x00000000c0000000,0x00000000c2499fd0,0x00000000c4300000)
 Metaspace       used 66789K, committed 67840K, reserved 1114112K
  class space    used 8255K, committed 8704K, reserved 1048576K
}

Dll operation events (15 events):
Event: 0.020 Loaded shared library c:\Users\usuario\.vscode\extensions\redhat.java-1.35.1-win32-x64\jre\17.0.12-win32-x86_64\bin\java.dll
Event: 0.418 Loaded shared library c:\Users\usuario\.vscode\extensions\redhat.java-1.35.1-win32-x64\jre\17.0.12-win32-x86_64\bin\zip.dll
Event: 0.425 Loaded shared library C:\Users\usuario\.vscode\extensions\redhat.java-1.35.1-win32-x64\jre\17.0.12-win32-x86_64\bin\instrument.dll
Event: 0.478 Loaded shared library C:\Users\usuario\.vscode\extensions\redhat.java-1.35.1-win32-x64\jre\17.0.12-win32-x86_64\bin\net.dll
Event: 0.483 Loaded shared library C:\Users\usuario\.vscode\extensions\redhat.java-1.35.1-win32-x64\jre\17.0.12-win32-x86_64\bin\nio.dll
Event: 0.495 Loaded shared library C:\Users\usuario\.vscode\extensions\redhat.java-1.35.1-win32-x64\jre\17.0.12-win32-x86_64\bin\zip.dll
Event: 0.533 Loaded shared library C:\Users\usuario\.vscode\extensions\redhat.java-1.35.1-win32-x64\jre\17.0.12-win32-x86_64\bin\jimage.dll
Event: 0.687 Loaded shared library c:\Users\usuario\.vscode\extensions\redhat.java-1.35.1-win32-x64\jre\17.0.12-win32-x86_64\bin\verify.dll
Event: 3.822 Loaded shared library C:\Users\usuario\AppData\Roaming\Code\User\globalStorage\redhat.java\1.35.1\config_win\org.eclipse.equinox.launcher\org.eclipse.equinox.launcher.win32.win32.x86_64_1.2.1100.v20240722-2106\eclipse_11904.dll
Event: 8.053 Loaded shared library C:\Users\usuario\AppData\Local\Temp\jna--132844754\jna5319178451317125792.dll
Event: 16.721 Loaded shared library C:\Users\usuario\.gradle\native\68d5fa5c4cc2d200863cafc0d521ce42e7d3e7ee720ec0a83991735586a16f82\windows-amd64\native-platform.dll
Event: 19.086 Loaded shared library C:\Users\usuario\.vscode\extensions\redhat.java-1.35.1-win32-x64\jre\17.0.12-win32-x86_64\bin\management.dll
Event: 19.091 Loaded shared library C:\Users\usuario\.vscode\extensions\redhat.java-1.35.1-win32-x64\jre\17.0.12-win32-x86_64\bin\management_ext.dll
Event: 30.371 Loaded shared library C:\Users\usuario\.vscode\extensions\redhat.java-1.35.1-win32-x64\jre\17.0.12-win32-x86_64\bin\extnet.dll
Event: 30.548 Loaded shared library C:\Users\usuario\.vscode\extensions\redhat.java-1.35.1-win32-x64\jre\17.0.12-win32-x86_64\bin\sunmscapi.dll

Deoptimization events (20 events):
Event: 35.068 Thread 0x00000261c5fe6c40 DEOPT PACKING pc=0x00000261b58c0c64 sp=0x00000087735fdc10
Event: 35.068 Thread 0x00000261c5fe6c40 DEOPT UNPACKING pc=0x00000261b4f966a3 sp=0x00000087735fdbc8 mode 2
Event: 35.068 Thread 0x00000261c5fe6c40 Uncommon trap: trap_request=0xffffffde fr.pc=0x00000261b58c0c64 relative=0x00000000000002c4
Event: 35.068 Thread 0x00000261c5fe6c40 Uncommon trap: reason=class_check action=maybe_recompile pc=0x00000261b58c0c64 method=java.io.DataOutputStream.writeInt(I)V @ 53 c2
Event: 35.068 Thread 0x00000261c5fe6c40 DEOPT PACKING pc=0x00000261b58c0c64 sp=0x00000087735fdc10
Event: 35.068 Thread 0x00000261c5fe6c40 DEOPT UNPACKING pc=0x00000261b4f966a3 sp=0x00000087735fdbc8 mode 2
Event: 35.068 Thread 0x00000261c5fe6c40 Uncommon trap: trap_request=0xffffffde fr.pc=0x00000261b58c0c64 relative=0x00000000000002c4
Event: 35.068 Thread 0x00000261c5fe6c40 Uncommon trap: reason=class_check action=maybe_recompile pc=0x00000261b58c0c64 method=java.io.DataOutputStream.writeInt(I)V @ 53 c2
Event: 35.068 Thread 0x00000261c5fe6c40 DEOPT PACKING pc=0x00000261b58c0c64 sp=0x00000087735fdc10
Event: 35.068 Thread 0x00000261c5fe6c40 DEOPT UNPACKING pc=0x00000261b4f966a3 sp=0x00000087735fdbc8 mode 2
Event: 35.069 Thread 0x00000261c5fe6c40 Uncommon trap: trap_request=0xffffffde fr.pc=0x00000261b58c0c64 relative=0x00000000000002c4
Event: 35.069 Thread 0x00000261c5fe6c40 Uncommon trap: reason=class_check action=maybe_recompile pc=0x00000261b58c0c64 method=java.io.DataOutputStream.writeInt(I)V @ 53 c2
Event: 35.069 Thread 0x00000261c5fe6c40 DEOPT PACKING pc=0x00000261b58c0c64 sp=0x00000087735fdc10
Event: 35.069 Thread 0x00000261c5fe6c40 DEOPT UNPACKING pc=0x00000261b4f966a3 sp=0x00000087735fdbc8 mode 2
Event: 35.718 Thread 0x00000261c5fe6c40 DEOPT PACKING pc=0x00000261ae5241fa sp=0x00000087735fb9b0
Event: 35.718 Thread 0x00000261c5fe6c40 DEOPT UNPACKING pc=0x00000261b4f96e43 sp=0x00000087735faef8 mode 0
Event: 37.798 Thread 0x00000261c5fe6c40 Uncommon trap: trap_request=0xfffffff4 fr.pc=0x00000261b58ef930 relative=0x0000000000008f90
Event: 37.798 Thread 0x00000261c5fe6c40 Uncommon trap: reason=null_check action=make_not_entrant pc=0x00000261b58ef930 method=java.io.ObjectInputStream.readClassDesc(Z)Ljava/io/ObjectStreamClass; @ 56 c2
Event: 37.798 Thread 0x00000261c5fe6c40 DEOPT PACKING pc=0x00000261b58ef930 sp=0x00000087735fddc0
Event: 37.798 Thread 0x00000261c5fe6c40 DEOPT UNPACKING pc=0x00000261b4f966a3 sp=0x00000087735fde40 mode 2

Classes loaded (20 events):
Event: 33.384 Loading class sun/util/locale/provider/TimeZoneNameProviderImpl done
Event: 33.385 Loading class sun/util/cldr/CLDRTimeZoneNameProviderImpl done
Event: 33.388 Loading class sun/util/resources/cldr/TimeZoneNames
Event: 33.388 Loading class sun/util/resources/TimeZoneNamesBundle
Event: 33.388 Loading class sun/util/resources/OpenListResourceBundle
Event: 33.389 Loading class sun/util/resources/OpenListResourceBundle done
Event: 33.389 Loading class sun/util/resources/TimeZoneNamesBundle done
Event: 33.389 Loading class sun/util/resources/cldr/TimeZoneNames done
Event: 33.389 Loading class sun/util/resources/cldr/TimeZoneNames_en
Event: 33.391 Loading class sun/util/resources/cldr/TimeZoneNames_en done
Event: 33.392 Loading class sun/util/resources/cldr/TimeZoneNames_en_US
Event: 33.392 Loading class sun/util/resources/cldr/TimeZoneNames_en_US done
Event: 33.394 Loading class sun/util/cldr/CLDRBaseLocaleDataMetaInfo$TZCanonicalIDMapHolder
Event: 33.396 Loading class sun/util/cldr/CLDRBaseLocaleDataMetaInfo$TZCanonicalIDMapHolder done
Event: 33.398 Loading class sun/util/resources/TimeZoneNames
Event: 33.400 Loading class sun/util/resources/TimeZoneNames done
Event: 33.401 Loading class sun/util/resources/TimeZoneNames_en
Event: 33.401 Loading class sun/util/resources/TimeZoneNames_en done
Event: 35.713 Loading class java/time/Ser
Event: 35.714 Loading class java/time/Ser done

Classes unloaded (15 events):
Event: 7.262 Thread 0x00000261bebffb00 Unloading class 0x000000010024a400 'java/lang/invoke/LambdaForm$MH+0x000000010024a400'
Event: 7.262 Thread 0x00000261bebffb00 Unloading class 0x000000010024a000 'java/lang/invoke/LambdaForm$MH+0x000000010024a000'
Event: 7.262 Thread 0x00000261bebffb00 Unloading class 0x0000000100249c00 'java/lang/invoke/LambdaForm$MH+0x0000000100249c00'
Event: 7.262 Thread 0x00000261bebffb00 Unloading class 0x0000000100249800 'java/lang/invoke/LambdaForm$MH+0x0000000100249800'
Event: 7.262 Thread 0x00000261bebffb00 Unloading class 0x0000000100249400 'java/lang/invoke/LambdaForm$BMH+0x0000000100249400'
Event: 7.262 Thread 0x00000261bebffb00 Unloading class 0x0000000100249000 'java/lang/invoke/LambdaForm$DMH+0x0000000100249000'
Event: 7.262 Thread 0x00000261bebffb00 Unloading class 0x0000000100244400 'java/lang/invoke/LambdaForm$DMH+0x0000000100244400'
Event: 11.358 Thread 0x00000261bebffb00 Unloading class 0x0000000100371800 'java/lang/invoke/LambdaForm$MH+0x0000000100371800'
Event: 11.358 Thread 0x00000261bebffb00 Unloading class 0x0000000100371000 'java/lang/invoke/LambdaForm$MH+0x0000000100371000'
Event: 11.358 Thread 0x00000261bebffb00 Unloading class 0x0000000100370800 'java/lang/invoke/LambdaForm$MH+0x0000000100370800'
Event: 11.358 Thread 0x00000261bebffb00 Unloading class 0x0000000100370000 'java/lang/invoke/LambdaForm$MH+0x0000000100370000'
Event: 11.358 Thread 0x00000261bebffb00 Unloading class 0x000000010036b800 'java/lang/invoke/LambdaForm$DMH+0x000000010036b800'
Event: 11.358 Thread 0x00000261bebffb00 Unloading class 0x000000010036b400 'java/lang/invoke/LambdaForm$MH+0x000000010036b400'
Event: 11.358 Thread 0x00000261bebffb00 Unloading class 0x000000010036ac00 'java/lang/invoke/LambdaForm$MH+0x000000010036ac00'
Event: 11.358 Thread 0x00000261bebffb00 Unloading class 0x0000000100365400 'java/lang/invoke/LambdaForm$MH+0x0000000100365400'

Classes redefined (0 events):
No events

Internal exceptions (20 events):
Event: 31.575 Thread 0x00000261c5fe6c40 Exception <a 'java/lang/NoSuchMethodError'{0x00000000ead39750}: static Lorg/gradle/internal/build/event/types/DefaultOperationDescriptor;.<clinit>()V> (0x00000000ead39750) 
thrown [s\src\hotspot\share\prims\jni.cpp, line 1112]
Event: 31.577 Thread 0x00000261c5fe6c40 Exception <a 'java/lang/NoSuchMethodError'{0x00000000ead6c110}: static Lorg/gradle/internal/operations/OperationIdentifier;.<clinit>()V> (0x00000000ead6c110) 
thrown [s\src\hotspot\share\prims\jni.cpp, line 1112]
Event: 32.065 Thread 0x00000261c5fe6c40 Exception <a 'java/lang/NoSuchMethodError'{0x00000000eada97f8}: static Lorg/gradle/internal/build/event/types/DefaultOperationFinishedProgressEvent;.<clinit>()V> (0x00000000eada97f8) 
thrown [s\src\hotspot\share\prims\jni.cpp, line 1112]
Event: 32.067 Thread 0x00000261c5fe6c40 Exception <a 'java/lang/NoSuchMethodError'{0x00000000eadc00d8}: static Lorg/gradle/internal/build/event/types/AbstractResult;.<clinit>()V> (0x00000000eadc00d8) 
thrown [s\src\hotspot\share\prims\jni.cpp, line 1112]
Event: 32.068 Thread 0x00000261c5fe6c40 Exception <a 'java/lang/NoSuchMethodError'{0x00000000eadcd7f8}: static Lorg/gradle/internal/build/event/types/AbstractOperationResult;.<clinit>()V> (0x00000000eadcd7f8) 
thrown [s\src\hotspot\share\prims\jni.cpp, line 1112]
Event: 32.068 Thread 0x00000261c5fe6c40 Exception <a 'java/lang/NoSuchMethodError'{0x00000000eadef070}: static Lorg/gradle/internal/build/event/types/DefaultSuccessResult;.<clinit>()V> (0x00000000eadef070) 
thrown [s\src\hotspot\share\prims\jni.cpp, line 1112]
Event: 35.068 Thread 0x00000261c5fe6c40 Exception <a 'java/lang/NoSuchMethodError'{0x00000000eb1b72c8}: static Lorg/gradle/internal/build/event/types/DefaultBuildPhaseDescriptor;.<clinit>()V> (0x00000000eb1b72c8) 
thrown [s\src\hotspot\share\prims\jni.cpp, line 1112]
Event: 35.176 Thread 0x00000261c5fe6c40 Exception <a 'java/lang/NoSuchMethodError'{0x00000000eb24b910}: static Lorg/gradle/internal/build/event/types/DefaultProjectConfigurationDescriptor;.<clinit>()V> (0x00000000eb24b910) 
thrown [s\src\hotspot\share\prims\jni.cpp, line 1112]
Event: 35.703 Thread 0x00000261c5fe6c40 Exception <a 'java/lang/NoSuchMethodError'{0x00000000eb58aad8}: static Lorg/gradle/internal/build/event/types/AbstractProjectConfigurationResult;.<clinit>()V> (0x00000000eb58aad8) 
thrown [s\src\hotspot\share\prims\jni.cpp, line 1112]
Event: 35.705 Thread 0x00000261c5fe6c40 Exception <a 'java/lang/NoSuchMethodError'{0x00000000eb5a0960}: static Lorg/gradle/internal/build/event/types/DefaultProjectConfigurationSuccessResult;.<clinit>()V> (0x00000000eb5a0960) 
thrown [s\src\hotspot\share\prims\jni.cpp, line 1112]
Event: 35.710 Thread 0x00000261c5fe6c40 Exception <a 'java/lang/NoSuchMethodError'{0x00000000eb5b9920}: static Lorg/gradle/internal/build/event/types/DefaultPluginApplicationResult;.<clinit>()V> (0x00000000eb5b9920) 
thrown [s\src\hotspot\share\prims\jni.cpp, line 1112]
Event: 35.713 Thread 0x00000261c5fe6c40 Exception <a 'java/lang/NoSuchMethodError'{0x00000000eb5d2b20}: static Lorg/gradle/internal/build/event/types/DefaultBinaryPluginIdentifier;.<clinit>()V> (0x00000000eb5d2b20) 
thrown [s\src\hotspot\share\prims\jni.cpp, line 1112]
Event: 35.718 Thread 0x00000261c5fe6c40 Exception <a 'java/lang/NoSuchMethodError'{0x00000000eb5f2b38}: static Lorg/gradle/internal/build/event/types/DefaultScriptPluginIdentifier;.<clinit>()V> (0x00000000eb5f2b38) 
thrown [s\src\hotspot\share\prims\jni.cpp, line 1112]
Event: 35.898 Thread 0x00000261c5fe6c40 Exception <a 'java/lang/NoSuchMethodError'{0x00000000eb76c550}: static Lorg/gradle/internal/build/event/types/DefaultTaskStartedProgressEvent;.<clinit>()V> (0x00000000eb76c550) 
thrown [s\src\hotspot\share\prims\jni.cpp, line 1112]
Event: 35.900 Thread 0x00000261c5fe6c40 Exception <a 'java/lang/NoSuchMethodError'{0x00000000eb785b88}: static Lorg/gradle/internal/build/event/types/DefaultTaskDescriptor;.<clinit>()V> (0x00000000eb785b88) 
thrown [s\src\hotspot\share\prims\jni.cpp, line 1112]
Event: 35.908 Thread 0x00000261c5fe6c40 Exception <a 'java/lang/NoSuchMethodError'{0x00000000eb7ca150}: static Lorg/gradle/internal/build/event/types/DefaultTaskFinishedProgressEvent;.<clinit>()V> (0x00000000eb7ca150) 
thrown [s\src\hotspot\share\prims\jni.cpp, line 1112]
Event: 35.912 Thread 0x00000261c5fe6c40 Exception <a 'java/lang/NoSuchMethodError'{0x00000000eb7e2e48}: static Lorg/gradle/internal/build/event/types/AbstractTaskResult;.<clinit>()V> (0x00000000eb7e2e48) 
thrown [s\src\hotspot\share\prims\jni.cpp, line 1112]
Event: 35.914 Thread 0x00000261c5fe6c40 Exception <a 'java/lang/NoSuchMethodError'{0x00000000eb7f1ba0}: static Lorg/gradle/internal/build/event/types/DefaultTaskSkippedResult;.<clinit>()V> (0x00000000eb7f1ba0) 
thrown [s\src\hotspot\share\prims\jni.cpp, line 1112]
Event: 36.033 Thread 0x00000261c5fe6c40 Exception <a 'java/lang/NoSuchMethodError'{0x00000000eb8a6d48}: static Lorg/gradle/internal/build/event/types/DefaultTaskSuccessResult;.<clinit>()V> (0x00000000eb8a6d48) 
thrown [s\src\hotspot\share\prims\jni.cpp, line 1112]
Event: 37.798 Thread 0x00000261c5fe6c40 Implicit null exception at 0x00000261b58e6b2c to 0x00000261b58ef920

VM Operations (20 events):
Event: 29.246 Executing VM operation: ParallelGCFailedAllocation
Event: 29.248 Executing VM operation: ParallelGCFailedAllocation done
Event: 29.878 Executing VM operation: ParallelGCFailedAllocation
Event: 29.879 Executing VM operation: ParallelGCFailedAllocation done
Event: 30.540 Executing VM operation: HandshakeAllThreads
Event: 30.540 Executing VM operation: HandshakeAllThreads done
Event: 30.589 Executing VM operation: ParallelGCFailedAllocation
Event: 30.591 Executing VM operation: ParallelGCFailedAllocation done
Event: 32.591 Executing VM operation: Cleanup
Event: 32.591 Executing VM operation: Cleanup done
Event: 33.591 Executing VM operation: Cleanup
Event: 33.591 Executing VM operation: Cleanup done
Event: 34.592 Executing VM operation: Cleanup
Event: 34.592 Executing VM operation: Cleanup done
Event: 35.593 Executing VM operation: Cleanup
Event: 35.593 Executing VM operation: Cleanup done
Event: 36.593 Executing VM operation: Cleanup
Event: 36.593 Executing VM operation: Cleanup done
Event: 37.594 Executing VM operation: Cleanup
Event: 37.594 Executing VM operation: Cleanup done

Events (20 events):
Event: 21.223 Thread 0x00000261c5fe5d10 Thread added: 0x00000261c5fe5d10
Event: 21.263 Thread 0x00000261c5fe5d10 Thread exited: 0x00000261c5fe5d10
Event: 21.265 Thread 0x00000261c5fe5d10 Thread added: 0x00000261c5fe5d10
Event: 21.270 Thread 0x00000261c5fe6c40 Thread added: 0x00000261c5fe6c40
Event: 24.211 Thread 0x00000261c3f937b0 flushing nmethod 0x00000261ada9ae10
Event: 24.212 Thread 0x00000261c3f937b0 flushing nmethod 0x00000261adddb590
Event: 24.216 Thread 0x00000261c3f937b0 flushing nmethod 0x00000261ae35a790
Event: 25.804 Thread 0x00000261c6da9040 Thread added: 0x00000261c6da9040
Event: 26.005 Thread 0x00000261c6da9040 Thread exited: 0x00000261c6da9040
Event: 26.328 Thread 0x00000261c6da9040 Thread added: 0x00000261c6da9040
Event: 27.630 Thread 0x00000261c6da9040 Thread exited: 0x00000261c6da9040
Event: 30.226 Thread 0x00000261c58c2d50 Thread added: 0x00000261c58c2d50
Event: 31.091 Thread 0x00000261c58be160 Thread added: 0x00000261c58be160
Event: 31.092 Thread 0x00000261c58be160 Thread exited: 0x00000261c58be160
Event: 31.093 Thread 0x00000261c58c04d0 Thread added: 0x00000261c58c04d0
Event: 33.316 Thread 0x00000261c4fc07c0 Thread added: 0x00000261c4fc07c0
Event: 33.343 Thread 0x00000261c7264cd0 Thread added: 0x00000261c7264cd0
Event: 33.488 Thread 0x00000261c7264cd0 Thread exited: 0x00000261c7264cd0
Event: 33.501 Thread 0x00000261c4fc07c0 Thread exited: 0x00000261c4fc07c0
Event: 37.994 Thread 0x00000261c6672f50 Thread added: 0x00000261c6672f50


Dynamic libraries:
0x00007ff78c850000 - 0x00007ff78c85e000 	c:\Users\usuario\.vscode\extensions\redhat.java-1.35.1-win32-x64\jre\17.0.12-win32-x86_64\bin\java.exe
0x00007ff8b87f0000 - 0x00007ff8b89e8000 	C:\WINDOWS\SYSTEM32\ntdll.dll
0x00007ff8b6b20000 - 0x00007ff8b6be2000 	C:\WINDOWS\System32\KERNEL32.DLL
0x00007ff8b6250000 - 0x00007ff8b654e000 	C:\WINDOWS\System32\KERNELBASE.dll
0x00007ff8b60b0000 - 0x00007ff8b61b0000 	C:\WINDOWS\System32\ucrtbase.dll
0x00007ff8a7b10000 - 0x00007ff8a7b27000 	c:\Users\usuario\.vscode\extensions\redhat.java-1.35.1-win32-x64\jre\17.0.12-win32-x86_64\bin\jli.dll
0x00007ff8b7e80000 - 0x00007ff8b801d000 	C:\WINDOWS\System32\USER32.dll
0x00007ff8b67b0000 - 0x00007ff8b67d2000 	C:\WINDOWS\System32\win32u.dll
0x00007ff8b6af0000 - 0x00007ff8b6b1b000 	C:\WINDOWS\System32\GDI32.dll
0x00007ff8b5f60000 - 0x00007ff8b6077000 	C:\WINDOWS\System32\gdi32full.dll
0x00007ff8a5cf0000 - 0x00007ff8a5d0b000 	c:\Users\usuario\.vscode\extensions\redhat.java-1.35.1-win32-x64\jre\17.0.12-win32-x86_64\bin\VCRUNTIME140.dll
0x00007ff8b61b0000 - 0x00007ff8b624d000 	C:\WINDOWS\System32\msvcp_win.dll
0x00007ff8a4b40000 - 0x00007ff8a4dda000 	C:\WINDOWS\WinSxS\amd64_microsoft.windows.common-controls_6595b64144ccf1df_6.0.19041.4355_none_60b8b9eb71f62e16\COMCTL32.dll
0x00007ff8b86e0000 - 0x00007ff8b877e000 	C:\WINDOWS\System32\msvcrt.dll
0x00007ff8b81a0000 - 0x00007ff8b81cf000 	C:\WINDOWS\System32\IMM32.DLL
0x00007ff8aaf20000 - 0x00007ff8aaf2c000 	c:\Users\usuario\.vscode\extensions\redhat.java-1.35.1-win32-x64\jre\17.0.12-win32-x86_64\bin\vcruntime140_1.dll
0x00007ff881200000 - 0x00007ff88128d000 	c:\Users\usuario\.vscode\extensions\redhat.java-1.35.1-win32-x64\jre\17.0.12-win32-x86_64\bin\msvcp140.dll
0x00007ff80fe40000 - 0x00007ff810aaa000 	c:\Users\usuario\.vscode\extensions\redhat.java-1.35.1-win32-x64\jre\17.0.12-win32-x86_64\bin\server\jvm.dll
0x00007ff8b6a30000 - 0x00007ff8b6ae2000 	C:\WINDOWS\System32\ADVAPI32.dll
0x00007ff8b81d0000 - 0x00007ff8b8270000 	C:\WINDOWS\System32\sechost.dll
0x00007ff8b7340000 - 0x00007ff8b7463000 	C:\WINDOWS\System32\RPCRT4.dll
0x00007ff8b6080000 - 0x00007ff8b60a7000 	C:\WINDOWS\System32\bcrypt.dll
0x00007ff8b6d10000 - 0x00007ff8b6d7b000 	C:\WINDOWS\System32\WS2_32.dll
0x00007ff8ad480000 - 0x00007ff8ad4a7000 	C:\WINDOWS\SYSTEM32\WINMM.dll
0x00007ff8b55b0000 - 0x00007ff8b55fb000 	C:\WINDOWS\SYSTEM32\POWRPROF.dll
0x00007ff8aef80000 - 0x00007ff8aef8a000 	C:\WINDOWS\SYSTEM32\VERSION.dll
0x00007ff8b5590000 - 0x00007ff8b55a2000 	C:\WINDOWS\SYSTEM32\UMPDC.dll
0x00007ff8b3cc0000 - 0x00007ff8b3cd2000 	C:\WINDOWS\SYSTEM32\kernel.appcore.dll
0x00007ff8aaed0000 - 0x00007ff8aaeda000 	c:\Users\usuario\.vscode\extensions\redhat.java-1.35.1-win32-x64\jre\17.0.12-win32-x86_64\bin\jimage.dll
0x00007ff8abd30000 - 0x00007ff8abf14000 	C:\WINDOWS\SYSTEM32\DBGHELP.DLL
0x00007ff8a8890000 - 0x00007ff8a88c4000 	C:\WINDOWS\SYSTEM32\dbgcore.DLL
0x00007ff8b5ed0000 - 0x00007ff8b5f52000 	C:\WINDOWS\System32\bcryptPrimitives.dll
0x00007ff8aadf0000 - 0x00007ff8aadfe000 	c:\Users\usuario\.vscode\extensions\redhat.java-1.35.1-win32-x64\jre\17.0.12-win32-x86_64\bin\instrument.dll
0x00007ff89dab0000 - 0x00007ff89dad5000 	c:\Users\usuario\.vscode\extensions\redhat.java-1.35.1-win32-x64\jre\17.0.12-win32-x86_64\bin\java.dll
0x00007ff8a5cd0000 - 0x00007ff8a5ce8000 	c:\Users\usuario\.vscode\extensions\redhat.java-1.35.1-win32-x64\jre\17.0.12-win32-x86_64\bin\zip.dll
0x00007ff8b74d0000 - 0x00007ff8b7c3f000 	C:\WINDOWS\System32\SHELL32.dll
0x00007ff8b3ec0000 - 0x00007ff8b4664000 	C:\WINDOWS\SYSTEM32\windows.storage.dll
0x00007ff8b6fd0000 - 0x00007ff8b7323000 	C:\WINDOWS\System32\combase.dll
0x00007ff8b5800000 - 0x00007ff8b582e000 	C:\WINDOWS\SYSTEM32\Wldp.dll
0x00007ff8b80d0000 - 0x00007ff8b819d000 	C:\WINDOWS\System32\OLEAUT32.dll
0x00007ff8b8020000 - 0x00007ff8b80cd000 	C:\WINDOWS\System32\SHCORE.dll
0x00007ff8b7470000 - 0x00007ff8b74c5000 	C:\WINDOWS\System32\shlwapi.dll
0x00007ff8b5d90000 - 0x00007ff8b5db4000 	C:\WINDOWS\SYSTEM32\profapi.dll
0x00007ff8a5c00000 - 0x00007ff8a5c19000 	C:\Users\usuario\.vscode\extensions\redhat.java-1.35.1-win32-x64\jre\17.0.12-win32-x86_64\bin\net.dll
0x00007ff8b0450000 - 0x00007ff8b055d000 	C:\WINDOWS\SYSTEM32\WINHTTP.dll
0x00007ff8b5520000 - 0x00007ff8b558a000 	C:\WINDOWS\system32\mswsock.dll
0x00007ff89e490000 - 0x00007ff89e4a6000 	C:\Users\usuario\.vscode\extensions\redhat.java-1.35.1-win32-x64\jre\17.0.12-win32-x86_64\bin\nio.dll
0x00007ff8a8410000 - 0x00007ff8a8420000 	c:\Users\usuario\.vscode\extensions\redhat.java-1.35.1-win32-x64\jre\17.0.12-win32-x86_64\bin\verify.dll
0x00007ff87fbf0000 - 0x00007ff87fc35000 	C:\Users\usuario\AppData\Roaming\Code\User\globalStorage\redhat.java\1.35.1\config_win\org.eclipse.equinox.launcher\org.eclipse.equinox.launcher.win32.win32.x86_64_1.2.1100.v20240722-2106\eclipse_11904.dll
0x00007ff8b7d50000 - 0x00007ff8b7e7b000 	C:\WINDOWS\System32\ole32.dll
0x00007ff8b57c0000 - 0x00007ff8b57d8000 	C:\WINDOWS\SYSTEM32\CRYPTSP.dll
0x00007ff8b4e00000 - 0x00007ff8b4e34000 	C:\WINDOWS\system32\rsaenh.dll
0x00007ff8b5d10000 - 0x00007ff8b5d3e000 	C:\WINDOWS\SYSTEM32\USERENV.dll
0x00007ff8b5720000 - 0x00007ff8b572c000 	C:\WINDOWS\SYSTEM32\CRYPTBASE.dll
0x00007ff8b5220000 - 0x00007ff8b525b000 	C:\WINDOWS\SYSTEM32\IPHLPAPI.DLL
0x00007ff8b7c40000 - 0x00007ff8b7c48000 	C:\WINDOWS\System32\NSI.dll
0x00007ff8b0e10000 - 0x00007ff8b0e27000 	C:\WINDOWS\SYSTEM32\dhcpcsvc6.DLL
0x00007ff8b0df0000 - 0x00007ff8b0e0d000 	C:\WINDOWS\SYSTEM32\dhcpcsvc.DLL
0x00007ff8b5260000 - 0x00007ff8b532a000 	C:\WINDOWS\SYSTEM32\DNSAPI.dll
0x00007ff87fca0000 - 0x00007ff87fce9000 	C:\Users\usuario\AppData\Local\Temp\jna--132844754\jna5319178451317125792.dll
0x00007ff8b7330000 - 0x00007ff8b7338000 	C:\WINDOWS\System32\PSAPI.DLL
0x00007ff821f80000 - 0x00007ff821fa7000 	C:\Users\usuario\.gradle\native\68d5fa5c4cc2d200863cafc0d521ce42e7d3e7ee720ec0a83991735586a16f82\windows-amd64\native-platform.dll
0x00007ff8a8ad0000 - 0x00007ff8a8ad9000 	C:\Users\usuario\.vscode\extensions\redhat.java-1.35.1-win32-x64\jre\17.0.12-win32-x86_64\bin\management.dll
0x00007ff8a88d0000 - 0x00007ff8a88db000 	C:\Users\usuario\.vscode\extensions\redhat.java-1.35.1-win32-x64\jre\17.0.12-win32-x86_64\bin\management_ext.dll
0x00007ff8a7ce0000 - 0x00007ff8a7ce9000 	C:\Users\usuario\.vscode\extensions\redhat.java-1.35.1-win32-x64\jre\17.0.12-win32-x86_64\bin\extnet.dll
0x00007ff8a8180000 - 0x00007ff8a818e000 	C:\Users\usuario\.vscode\extensions\redhat.java-1.35.1-win32-x64\jre\17.0.12-win32-x86_64\bin\sunmscapi.dll
0x00007ff8b65a0000 - 0x00007ff8b66fc000 	C:\WINDOWS\System32\CRYPT32.dll
0x00007ff8b58a0000 - 0x00007ff8b58c7000 	C:\WINDOWS\SYSTEM32\ncrypt.dll
0x00007ff8b5840000 - 0x00007ff8b587b000 	C:\WINDOWS\SYSTEM32\NTASN1.dll
0x00007ff8aaf10000 - 0x00007ff8aaf17000 	C:\WINDOWS\system32\wshunix.dll

dbghelp: loaded successfully - version: 4.0.5 - missing functions: none
symbol engine: initialized successfully - sym options: 0x614 - pdb path: .;c:\Users\usuario\.vscode\extensions\redhat.java-1.35.1-win32-x64\jre\17.0.12-win32-x86_64\bin;C:\WINDOWS\SYSTEM32;C:\WINDOWS\WinSxS\amd64_microsoft.windows.common-controls_6595b64144ccf1df_6.0.19041.4355_none_60b8b9eb71f62e16;c:\Users\usuario\.vscode\extensions\redhat.java-1.35.1-win32-x64\jre\17.0.12-win32-x86_64\bin\server;C:\Users\usuario\AppData\Roaming\Code\User\globalStorage\redhat.java\1.35.1\config_win\org.eclipse.equinox.launcher\org.eclipse.equinox.launcher.win32.win32.x86_64_1.2.1100.v20240722-2106;C:\Users\usuario\AppData\Local\Temp\jna--132844754;C:\Users\usuario\.gradle\native\68d5fa5c4cc2d200863cafc0d521ce42e7d3e7ee720ec0a83991735586a16f82\windows-amd64

VM Arguments:
jvm_args: --add-modules=ALL-SYSTEM --add-opens=java.base/java.util=ALL-UNNAMED --add-opens=java.base/java.lang=ALL-UNNAMED --add-opens=java.base/sun.nio.fs=ALL-UNNAMED -Declipse.application=org.eclipse.jdt.ls.core.id1 -Dosgi.bundles.defaultStartLevel=4 -Declipse.product=org.eclipse.jdt.ls.core.product -Djava.import.generatesMetadataFilesAtProjectRoot=false -DDetectVMInstallationsJob.disabled=true -Dfile.encoding=utf8 -XX:+UseParallelGC -XX:GCTimeRatio=4 -XX:AdaptiveSizePolicyWeight=90 -Dsun.zip.disableMemoryMapping=true -Xmx1G -Xms100m -Xlog:disable -javaagent:c:\Users\usuario\.vscode\extensions\redhat.java-1.35.1-win32-x64\lombok\lombok-1.18.33.jar -XX:+HeapDumpOnOutOfMemoryError -XX:HeapDumpPath=c:\Users\usuario\AppData\Roaming\Code\User\workspaceStorage\3730175087155ea2f55a9ce18b6b30f5\redhat.java -Daether.dependencyCollector.impl=bf 
java_command: c:\Users\usuario\.vscode\extensions\redhat.java-1.35.1-win32-x64\server\plugins\org.eclipse.equinox.launcher_1.6.900.v20240613-2009.jar -configuration c:\Users\usuario\AppData\Roaming\Code\User\globalStorage\redhat.java\1.35.1\config_win -data c:\Users\usuario\AppData\Roaming\Code\User\workspaceStorage\3730175087155ea2f55a9ce18b6b30f5\redhat.java\jdt_ws --pipe=\\.\pipe\lsp-51b32e0a2dfc0680298a6d43aee23a6d-sock
java_class_path (initial): c:\Users\usuario\.vscode\extensions\redhat.java-1.35.1-win32-x64\server\plugins\org.eclipse.equinox.launcher_1.6.900.v20240613-2009.jar
Launcher Type: SUN_STANDARD

[Global flags]
    uintx AdaptiveSizePolicyWeight                 = 90                                        {product} {command line}
     intx CICompilerCount                          = 4                                         {product} {ergonomic}
    uintx GCTimeRatio                              = 4                                         {product} {command line}
     bool HeapDumpOnOutOfMemoryError               = true                                   {manageable} {command line}
    ccstr HeapDumpPath                             = c:\Users\usuario\AppData\Roaming\Code\User\workspaceStorage\3730175087155ea2f55a9ce18b6b30f5\redhat.java         {manageable} {command line}
   size_t InitialHeapSize                          = 104857600                                 {product} {command line}
   size_t MaxHeapSize                              = 1073741824                                {product} {command line}
   size_t MaxNewSize                               = 357564416                                 {product} {ergonomic}
   size_t MinHeapDeltaBytes                        = 524288                                    {product} {ergonomic}
   size_t MinHeapSize                              = 104857600                                 {product} {command line}
   size_t NewSize                                  = 34603008                                  {product} {ergonomic}
    uintx NonNMethodCodeHeapSize                   = 5839372                                {pd product} {ergonomic}
    uintx NonProfiledCodeHeapSize                  = 122909434                              {pd product} {ergonomic}
   size_t OldSize                                  = 70254592                                  {product} {ergonomic}
    uintx ProfiledCodeHeapSize                     = 122909434                              {pd product} {ergonomic}
    uintx ReservedCodeCacheSize                    = 251658240                              {pd product} {ergonomic}
     bool SegmentedCodeCache                       = true                                      {product} {ergonomic}
   size_t SoftMaxHeapSize                          = 1073741824                             {manageable} {ergonomic}
     bool UseCompressedClassPointers               = true                           {product lp64_product} {ergonomic}
     bool UseCompressedOops                        = true                           {product lp64_product} {ergonomic}
     bool UseLargePagesIndividualAllocation        = false                                  {pd product} {ergonomic}
     bool UseParallelGC                            = true                                      {product} {command line}

Logging:
Log output configuration:
 #0: stdout all=off uptime,level,tags
 #1: stderr all=off uptime,level,tags

Environment Variables:
PATH=C:\Program Files (x86)\Razer Chroma SDK\bin;C:\Program Files\Razer Chroma SDK\bin;C:\Program Files (x86)\Razer\ChromaBroadcast\bin;C:\Program Files\Razer\ChromaBroadcast\bin;C:\Program Files\Common Files\Oracle\Java\javapath;C:\Program Files (x86)\Common Files\Oracle\Java\javapath;C:\WINDOWS\system32;C:\WINDOWS;C:\WINDOWS\System32\Wbem;C:\WINDOWS\System32\WindowsPowerShell\v1.0\;C:\WINDOWS\System32\OpenSSH\;C:\Users\usuario\AppData\Local\Programs\Python\Python39;C:\Program Files\NVIDIA Corporation\NVIDIA NvDLISR;C:\Program Files (x86)\NVIDIA Corporation\PhysX\Common;C:\Program Files (x86)\dotnet\;E:\msys2\mingw64\bin;C:\Program Files\dotnet\;C:\WINDOWS\system32\config\systemprofile\AppData\Local\Microsoft\WindowsApps;C:\Users\usuario\AppData\Local\Programs\Python\Python311\Scripts\;C:\Users\usuario\AppData\Local\Programs\Python\Python311\;C:\Users\usuario\AppData\Local\Microsoft\WindowsApps;E:\Microsoft VS Code\bin;C:\Users\usuario\AppData\Local\Programs\Python\Python39\Scripts;C:\Users\usuario\AppData\Local\spicetify;E:\Git\cmd;C:\Program Files\Docker\Docker\resources\bin;D:\flutter\flutter\bin;C:\Users\usuario\AppData\Local\Programs\Python\Python311\Scripts\;C:\Users\usuario\AppData\Local\Programs\Python\Python311\;C:\Users\usuario\AppData\Local\Microsoft\WindowsApps;E:\Microsoft VS Code\bin;C:\Users\usuario\AppData\Local\Programs\Python\Python39;C:\Users\usuario\AppData\Local\Programs\Python\Python39\Scripts;C:\Users\usuario\AppData\Local\spicetify;
USERNAME=usuario
OS=Windows_NT
PROCESSOR_IDENTIFIER=AMD64 Family 23 Model 24 Stepping 1, AuthenticAMD
TMP=C:\Users\usuario\AppData\Local\Temp
TEMP=C:\Users\usuario\AppData\Local\Temp



Periodic native trim disabled


---------------  S Y S T E M  ---------------

OS:
 Windows 10 , 64 bit Build 19041 (10.0.19041.4957)
OS uptime: 5 days 10:16 hours
Hyper-V role detected

CPU: total 8 (initial active 8) (8 cores per cpu, 2 threads per core) family 23 model 24 stepping 1 microcode 0x0, cx8, cmov, fxsr, ht, mmx, 3dnowpref, sse, sse2, sse3, ssse3, sse4a, sse4.1, sse4.2, popcnt, lzcnt, tsc, tscinvbit, avx, avx2, aes, clmul, bmi1, bmi2, adx, sha, fma, vzeroupper, clflush, clflushopt, hv
Processor Information for all 8 processors :
  Max Mhz: 3700, Current Mhz: 3700, Mhz Limit: 3700

Memory: 4k page, system-wide physical 16305M (1833M free)
TotalPageFile size 29332M (AvailPageFile size 5M)
current process WorkingSet (physical memory assigned to process): 250M, peak: 252M
current process commit charge ("private bytes"): 325M, peak: 330M

vm_info: OpenJDK 64-Bit Server VM (17.0.12+7) for windows-amd64 JRE (17.0.12+7), built on Jul 16 2024 22:08:24 by "admin" with MS VC++ 16.10 / 16.11 (VS2019)

END.
